proguard-project.txt
# To enable ProGuard in your project, edit project.properties
# to define the proguard.config property as described in that file.
#
# Add project specific ProGuard rules here.
# By default, the flags in this file are appended to flags specified
# in ${sdk.dir}/tools/proguard/proguard-android.txt
# You can edit the include path and order by changing the ProGuard
# include property in project.properties.
#
# For more details, see
#   http://developer.android.com/guide/developing/tools/proguard.html

-dontwarn com.umeng.**
-dontwarn com.tencent.**
-dontwarn com.facebook.**

# Add any project specific keep options here:

# If your project uses WebView with JS, uncomment the following
# and specify the fully qualified class name to the JavaScript interface
# class:
-keepclassmembers class fqcn.of.javascript.interface.for.webview {
  public *;
}

-keep public class * extends android.app.Activity
-keep public class * extends android.app.Application
-keep public class * extends android.app.Service
-keep public class * extends android.content.BroadcastReceiver
-keep public class * extends android.content.ContentProvider
-keep public class * extends android.app.Fragment

-keep public class **.R$*

# Gson uses generic type information stored in a class file when working with fields. Proguard
# removes such information by default, so configure it to keep all of it.
-keepattributes Signature

-keep class com.shuai.hehe.data.PicInfo {*;}

#-libraryjars libs/SocialSDK_QQZone_1.jar
#-libraryjars libs/SocialSDK_QQZone_2.jar
-keep interface com.umeng.** {*;}
-keep class com.umeng.** {*;}
-keep class com.tencent.** {*;}

#weixin
-keep class com.tencent.mm.sdk.openapi.WXMediaMessage {*;}
-keep class com.tencent.mm.sdk.openapi.** implements com.tencent.mm.sdk.openapi.WXMediaMessage$IMediaObject {*;}

#vitamio
-keep class io.vov.utils.** { *; }
-keep class io.vov.vitamio.** { *; }