proguard/seeds.txt
com.shuai.hehe.HeHeApplication
com.shuai.hehe.HeHeApplication: HeHeApplication()
com.shuai.hehe.R$anim
com.shuai.hehe.R$anim: int btn_click_alpha_anim
com.shuai.hehe.R$anim: int btn_click_scale_anim
com.shuai.hehe.R$anim: int shake_umeng_socialize_cycle_5
com.shuai.hehe.R$anim: int shake_umeng_socialize_dlg_alpha
com.shuai.hehe.R$anim: int shake_umeng_socialize_dlg_scale
com.shuai.hehe.R$anim: int shake_umeng_socialize_edit_anim
com.shuai.hehe.R$anim: int shake_umeng_socialize_imageview_rotate
com.shuai.hehe.R$anim: int shake_umeng_socialize_scrshot_dlg
com.shuai.hehe.R$anim: int slide_in_from_bottom
com.shuai.hehe.R$anim: int slide_in_from_top
com.shuai.hehe.R$anim: int slide_out_from_bottom
com.shuai.hehe.R$anim: int slide_out_from_top
com.shuai.hehe.R$anim: int slide_out_to_bottom
com.shuai.hehe.R$anim: int slide_out_to_top
com.shuai.hehe.R$anim: int umeng_fb_slide_in_from_left
com.shuai.hehe.R$anim: int umeng_fb_slide_in_from_right
com.shuai.hehe.R$anim: int umeng_fb_slide_out_from_left
com.shuai.hehe.R$anim: int umeng_fb_slide_out_from_right
com.shuai.hehe.R$anim: int umeng_socialize_fade_in
com.shuai.hehe.R$anim: int umeng_socialize_fade_out
com.shuai.hehe.R$anim: int umeng_socialize_shareboard_animation_in
com.shuai.hehe.R$anim: int umeng_socialize_shareboard_animation_out
com.shuai.hehe.R$anim: int umeng_socialize_slide_in_from_bottom
com.shuai.hehe.R$anim: int umeng_socialize_slide_out_from_bottom
com.shuai.hehe.R$animator
com.shuai.hehe.R$animator: int feed_item_in
com.shuai.hehe.R$attr
com.shuai.hehe.R$attr: int collapseDrawable
com.shuai.hehe.R$attr: int expandDrawable
com.shuai.hehe.R$attr: int flipDrawable
com.shuai.hehe.R$attr: int flipDuration
com.shuai.hehe.R$attr: int flipInterpolator
com.shuai.hehe.R$attr: int flipRotations
com.shuai.hehe.R$attr: int hintTextSize
com.shuai.hehe.R$attr: int isAnimated
com.shuai.hehe.R$attr: int isFlipped
com.shuai.hehe.R$attr: int maxCollapsedLines
com.shuai.hehe.R$attr: int progressCircleWidth
com.shuai.hehe.R$attr: int progressRadius
com.shuai.hehe.R$attr: int ptrAdapterViewBackground
com.shuai.hehe.R$attr: int ptrAnimationStyle
com.shuai.hehe.R$attr: int ptrDrawable
com.shuai.hehe.R$attr: int ptrDrawableBottom
com.shuai.hehe.R$attr: int ptrDrawableEnd
com.shuai.hehe.R$attr: int ptrDrawableStart
com.shuai.hehe.R$attr: int ptrDrawableTop
com.shuai.hehe.R$attr: int ptrHeaderBackground
com.shuai.hehe.R$attr: int ptrHeaderSubTextColor
com.shuai.hehe.R$attr: int ptrHeaderTextAppearance
com.shuai.hehe.R$attr: int ptrHeaderTextColor
com.shuai.hehe.R$attr: int ptrListViewExtrasEnabled
com.shuai.hehe.R$attr: int ptrMode
com.shuai.hehe.R$attr: int ptrOverScroll
com.shuai.hehe.R$attr: int ptrRefreshableViewBackground
com.shuai.hehe.R$attr: int ptrRotateDrawableWhilePulling
com.shuai.hehe.R$attr: int ptrScrollingWhileRefreshingEnabled
com.shuai.hehe.R$attr: int ptrShowIndicator
com.shuai.hehe.R$attr: int ptrSubHeaderTextAppearance
com.shuai.hehe.R$bool
com.shuai.hehe.R$bool: int default_fiv_isAnimated
com.shuai.hehe.R$bool: int default_fiv_isFlipped
com.shuai.hehe.R$bool: int default_fiv_isRotationReversed
...
com.shuai.base.view.FlipImageView
com.shuai.base.view.FlipImageView: FlipImageView(android.content.Context)
com.shuai.base.view.FlipImageView: FlipImageView(android.content.Context,android.util.AttributeSet)
com.shuai.base.view.FlipImageView: FlipImageView(android.content.Context,android.util.AttributeSet,int)
com.shuai.base.view.FlipImageView: void setFlippedDrawable(android.graphics.drawable.Drawable)
com.shuai.base.view.FlipImageView: void setDrawable(android.graphics.drawable.Drawable)
com.shuai.base.view.FlipImageView: void setRotationXEnabled(boolean)
com.shuai.base.view.FlipImageView: void setRotationYEnabled(boolean)
com.shuai.base.view.FlipImageView: void setRotationZEnabled(boolean)
com.shuai.base.view.FlipImageView: com.shuai.base.view.FlipImageView$FlipAnimator getFlipAnimation()
com.shuai.base.view.FlipImageView: void setInterpolator(android.view.animation.Interpolator)
com.shuai.base.view.FlipImageView: void setDuration(int)
com.shuai.base.view.FlipImageView: void setRotationReversed(boolean)
com.shuai.base.view.FlipImageView: void setAnimated(boolean)
com.shuai.base.view.FlipImageView: void setFlipped(boolean)
com.shuai.base.view.FlipImageView: void setOnFlipListener(com.shuai.base.view.FlipImageView$OnFlipListener)
com.shuai.base.view.HackyViewPager
com.shuai.base.view.HackyViewPager: HackyViewPager(android.content.Context)
com.shuai.base.view.HackyViewPager: HackyViewPager(android.content.Context,android.util.AttributeSet)
com.shuai.base.view.HackyViewPager: void setLocked(boolean)
com.shuai.base.view.NetworkPhotoView: void setProgressRadius(float)
com.shuai.base.view.NetworkPhotoView: void setProgressCircleWidth(float)
com.shuai.base.view.NetworkPhotoView: void setProgress(int)
com.shuai.base.view.PopUpMenuButton
com.shuai.base.view.PopUpMenuButton: PopUpMenuButton(android.content.Context)
com.shuai.base.view.PopUpMenuButton: PopUpMenuButton(android.content.Context,android.util.AttributeSet)
com.shuai.base.view.PopUpMenuButton: PopUpMenuButton(android.content.Context,android.util.AttributeSet,int)
com.shuai.base.view.PopUpMenuButton: void setOnMenuListener(com.shuai.base.view.PopUpMenuButton$OnMenuListener)
com.tencent.a.a.a
com.tencent.a.a.a: com.tencent.a.a.h a
com.tencent.a.a.a: java.io.FileWriter b
com.tencent.a.a.a: java.io.File c
com.tencent.a.a.a: char[] d
com.tencent.a.a.a: com.tencent.a.a.e e
com.tencent.a.a.a: com.tencent.a.a.e f
com.tencent.a.a.a: com.tencent.a.a.e g
com.tencent.a.a.a: com.tencent.a.a.e h
com.tencent.a.a.a: boolean i
com.tencent.a.a.a: android.os.HandlerThread j
com.tencent.a.a.a: android.os.Handler k
com.tencent.a.a.a: a(com.tencent.a.a.h)
com.tencent.a.a.a: a(int,boolean,com.tencent.a.a.b,com.tencent.a.a.h)
com.tencent.a.a.a: void a()
com.tencent.a.a.a: void b()
com.tencent.a.a.a: void a(int,java.lang.Thread,long,java.lang.String,java.lang.String,java.lang.Throwable)
com.tencent.a.a.a: void a(java.lang.String)
com.tencent.a.a.a: boolean handleMessage(android.os.Message)
com.tencent.a.a.a: void f()
com.tencent.a.a.a: void g()
com.tencent.a.a.a: java.io.Writer h()
com.tencent.a.a.a: void i()
com.tencent.a.a.a: void j()
com.tencent.a.a.a: com.tencent.a.a.h c()
com.tencent.a.a.a: void a(com.tencent.a.a.h)
com.tencent.a.a.b
com.tencent.a.a.b: com.tencent.a.a.b a
com.tencent.a.a.b: b()
com.tencent.a.a.b: java.lang.String a(int)
com.tencent.a.a.b: java.lang.String a(int,java.lang.Thread,long,java.lang.String,java.lang.String,java.lang.Throwable)
com.tencent.a.a.b: void <clinit>()