proguard/mapping.txt
com.shuai.hehe.HeHeApplication -> com.shuai.hehe.HeHeApplication:
    com.android.volley.RequestQueue mRequestQueue -> a
    com.android.volley.RequestQueue getRequestQueue() -> a
    void onCreate() -> onCreate
    void initImageLoader() -> b
com.shuai.hehe.R -> com.shuai.hehe.R:
com.shuai.hehe.R$anim -> com.shuai.hehe.R$anim:
    int btn_click_alpha_anim -> btn_click_alpha_anim
    int btn_click_scale_anim -> btn_click_scale_anim
    int shake_umeng_socialize_cycle_5 -> shake_umeng_socialize_cycle_5
    int shake_umeng_socialize_dlg_alpha -> shake_umeng_socialize_dlg_alpha
    int shake_umeng_socialize_dlg_scale -> shake_umeng_socialize_dlg_scale
    int shake_umeng_socialize_edit_anim -> shake_umeng_socialize_edit_anim
    int shake_umeng_socialize_imageview_rotate -> shake_umeng_socialize_imageview_rotate
    int shake_umeng_socialize_scrshot_dlg -> shake_umeng_socialize_scrshot_dlg
    int slide_in_from_bottom -> slide_in_from_bottom
    int slide_in_from_top -> slide_in_from_top
    int slide_out_from_bottom -> slide_out_from_bottom
    int slide_out_from_top -> slide_out_from_top
    int slide_out_to_bottom -> slide_out_to_bottom
    int slide_out_to_top -> slide_out_to_top
    int umeng_fb_slide_in_from_left -> umeng_fb_slide_in_from_left
    int umeng_fb_slide_in_from_right -> umeng_fb_slide_in_from_right
    int umeng_fb_slide_out_from_left -> umeng_fb_slide_out_from_left
    int umeng_fb_slide_out_from_right -> umeng_fb_slide_out_from_right
    int umeng_socialize_fade_in -> umeng_socialize_fade_in
    int umeng_socialize_fade_out -> umeng_socialize_fade_out
    int umeng_socialize_shareboard_animation_in -> umeng_socialize_shareboard_animation_in
com.shuai.hehe.R$animator -> com.shuai.hehe.R$animator:
    int feed_item_in -> feed_item_in
com.shuai.hehe.R$attr -> com.shuai.hehe.R$attr:
    int collapseDrawable -> collapseDrawable
    int expandDrawable -> expandDrawable
    int flipDrawable -> flipDrawable
    int flipDuration -> flipDuration
    int flipInterpolator -> flipInterpolator
    int flipRotations -> flipRotations
    int hintTextSize -> hintTextSize
    int isAnimated -> isAnimated
    int isFlipped -> isFlipped
    int maxCollapsedLines -> maxCollapsedLines
    int progressCircleWidth -> progressCircleWidth
    int progressRadius -> progressRadius
    int ptrAdapterViewBackground -> ptrAdapterViewBackground
    int ptrAnimationStyle -> ptrAnimationStyle
    int ptrDrawable -> ptrDrawable
    int ptrDrawableBottom -> ptrDrawableBottom
    int ptrDrawableEnd -> ptrDrawableEnd
    int ptrDrawableStart -> ptrDrawableStart
    int ptrDrawableTop -> ptrDrawableTop
    int ptrHeaderBackground -> ptrHeaderBackground
    int ptrHeaderSubTextColor -> ptrHeaderSubTextColor
    int ptrHeaderTextAppearance -> ptrHeaderTextAppearance
    int ptrHeaderTextColor -> ptrHeaderTextColor
    int ptrListViewExtrasEnabled -> ptrListViewExtrasEnabled
    int ptrMode -> ptrMode
    int ptrOverScroll -> ptrOverScroll
    int ptrRefreshableViewBackground -> ptrRefreshableViewBackground
    int ptrRotateDrawableWhilePulling -> ptrRotateDrawableWhilePulling
    int ptrScrollingWhileRefreshingEnabled -> ptrScrollingWhileRefreshingEnabled
    int ptrShowIndicator -> ptrShowIndicator
com.shuai.hehe.R$bool -> com.shuai.hehe.R$bool:
    int default_fiv_isAnimated -> default_fiv_isAnimated
    int default_fiv_isFlipped -> default_fiv_isFlipped
    int default_fiv_isRotationReversed -> default_fiv_isRotationReversed
...
com.umeng.common.net.j -> com.umeng.common.net.j:
    com.umeng.common.net.DownloadingService$b a -> a
    void run() -> run
com.umeng.common.net.k -> com.umeng.common.net.k:
    void a() -> a
    void a(int) -> a
    void a(int,int,java.lang.String) -> a
    void b(int) -> b
com.umeng.common.net.l -> com.umeng.common.net.l:
    java.lang.String a -> a
    java.lang.String b -> b
    android.content.Context c -> c
    void a(int) -> a
    java.util.List a() -> a
    boolean b() -> b
    void b(int) -> b
com.umeng.common.net.m -> com.umeng.common.net.m:
    java.lang.String a -> a
    java.lang.String b -> b
    java.lang.String c -> c
    java.lang.String d -> d
    java.lang.String e -> e
    java.lang.String a(int,java.lang.String) -> a
    int a(com.umeng.common.net.a$a) -> a
    android.app.PendingIntent a(android.content.Context,java.lang.String) -> a
    android.app.PendingIntent b(android.content.Context,java.lang.String) -> b
com.umeng.common.net.n -> com.umeng.common.net.n:
    java.lang.String a -> a
    com.umeng.common.net.p$a a(com.umeng.common.net.o) -> a
    void a(com.umeng.common.net.o,com.umeng.common.net.n$a) -> a
com.umeng.common.net.n$a -> com.umeng.common.net.n$a:
    void a() -> a
    void a(com.umeng.common.net.p$a) -> a
com.umeng.common.net.n$b -> com.umeng.common.net.n$b:
    com.umeng.common.net.o b -> b
    com.umeng.common.net.n$a c -> c
    com.umeng.common.net.n a -> a
    void onPreExecute() -> onPreExecute
    void a(com.umeng.common.net.p$a) -> a
    com.umeng.common.net.p$a a(java.lang.Integer[]) -> a
    void onPostExecute(java.lang.Object) -> onPostExecute
    java.lang.Object doInBackground(java.lang.Object[]) -> doInBackground
com.umeng.common.net.o -> com.umeng.common.net.o:
com.umeng.common.net.p -> com.umeng.common.net.p:
    com.umeng.common.net.p$a a -> a
com.umeng.common.net.p$a -> com.umeng.common.net.p$a:
    com.umeng.common.net.p$a a -> a
    com.umeng.common.net.p$a b -> b
    com.umeng.common.net.p$a[] c -> c
    com.umeng.common.net.p$a[] values() -> values
    com.umeng.common.net.p$a valueOf(java.lang.String) -> valueOf
com.umeng.common.net.q -> com.umeng.common.net.q:
    java.lang.String b -> b
    boolean a -> a
    long c -> c
    long d -> d
    long e -> e
    java.util.Map f -> f
    java.lang.Thread g -> g
    java.lang.String b(java.lang.String) -> b
    java.lang.String a(android.content.Context,java.lang.String) -> a
    java.io.File a(java.lang.String,android.content.Context,boolean[]) -> a
    boolean a(java.lang.String,int,int,int) -> a
    boolean a(java.lang.String,int) -> a
    void a(java.io.File,long,long) -> a
    long a(java.io.File) -> a
    void b(java.io.File,long) -> b
    java.io.File b(android.content.Context,java.lang.String) -> b
    void a(android.content.Context,android.widget.ImageView,java.lang.String,boolean) -> a
    void a(android.content.Context,android.widget.ImageView,java.lang.String,boolean,com.umeng.common.net.q$a) -> a
    void a(android.content.Context,android.widget.ImageView,java.lang.String,boolean,com.umeng.common.net.q$a,android.view.animation.Animation) -> a
    void a(android.content.Context,android.widget.ImageView,java.lang.String,boolean,com.umeng.common.net.q$a,android.view.animation.Animation,boolean) -> a
    boolean a(android.widget.ImageView,java.lang.String) -> a
    void b(android.content.Context,android.widget.ImageView,android.graphics.drawable.Drawable,boolean,com.umeng.common.net.q$a,android.view.animation.Animation,boolean,java.lang.String) -> b
com.umeng.common.net.q$a -> com.umeng.common.net.q$a:
    void a(com.umeng.common.net.q$b) -> a
    void a(com.umeng.common.net.p$a) -> a