proguard/usage.txt
com.shuai.hehe.BuildConfig
com.shuai.hehe.R:
    10:10:public R()
com.shuai.hehe.base.ParallelAsyncTask:
    private static final java.lang.String LOG_TAG
    private static final int CORE_POOL_SIZE
    private static final int MAXIMUM_POOL_SIZE
    private static final int KEEP_ALIVE
    private static final int MESSAGE_POST_RESULT
    private static final int MESSAGE_POST_PROGRESS
    286:287:public static void init()
    291:292:public static void setDefaultExecutor(java.util.concurrent.Executor)
    346:346:public final com.shuai.hehe.base.ParallelAsyncTask$Status getStatus()
    483:484:public final boolean cancel(boolean)
    499:499:public final java.lang.Object get()
    519:519:public final java.lang.Object get(long,java.util.concurrent.TimeUnit)
    551:551:public final varargs com.shuai.hehe.base.ParallelAsyncTask execute(java.lang.Object[])
    620:621:public static void execute(java.lang.Runnable)
    638:642:protected final varargs void publishProgress(java.lang.Object[])
com.shuai.hehe.data.AlbumFeed:
    23:23:public java.lang.String getThumbImgUrl()
com.shuai.hehe.data.Constants:
    public static final java.lang.String PROTOCOL_VERSION
    public static final java.lang.String FEED
    public static final java.lang.String FEED_ID
    public static final java.lang.String FEED_ALBUM
    public static final java.lang.String VIDEO_URL
    public static final java.lang.String ACTION_ADD_STAR_FEED
    public static final java.lang.String ACTION_DELETE_STAR_FEED
    public static final java.lang.String PUT_EXTRA_FEED_ID
    public static final java.lang.String PUT_EXTRA_FEED
    public static final java.lang.String APP_ID_QQ
    public static final java.lang.String APP_ID_WEIXIN
    3:3:public Constants()
com.shuai.hehe.data.DataManager:
    private static final java.lang.String TAG
    private static final java.lang.String DB_NAME
    private static final int DB_VERSION
com.shuai.hehe.data.FeedType
com.shuai.hehe.data.Stat
com.shuai.hehe.data.VideoFeed:
    31:31:public java.lang.String getVideoUrl()
com.shuai.hehe.protocol.FeedContentParser:
    9:9:public FeedContentParser()
com.shuai.hehe.protocol.GetFeedsRequest:
    public static final int FEED_CACHE_COUNT
    private static final java.lang.String FEED_CACHE_FILENAME
com.shuai.hehe.protocol.ProtocolError:
    11:11:public ProtocolError()
com.shuai.hehe.protocol.UrlHelper:
    14:14:public UrlHelper()
com.shuai.hehe.ui.FeedFragment:
    private static final int PAGE_COUNT
    private static final int START_ID
com.shuai.hehe.ui.MainActivity:
    private static final java.lang.String TAG
com.shuai.hehe.ui.StarActivity:
    private static final int PAGE_COUNT
com.shuai.hehe.ui.WebViewActivity:
    private static final java.lang.String TAG
...
com.handmark.pulltorefresh.library.PullToRefreshGridView$InternalGridViewSDK9
com.handmark.pulltorefresh.library.PullToRefreshHorizontalScrollView
com.handmark.pulltorefresh.library.PullToRefreshHorizontalScrollView$InternalHorizontalScrollViewSDK9
com.handmark.pulltorefresh.library.PullToRefreshScrollView
com.handmark.pulltorefresh.library.PullToRefreshScrollView$InternalScrollViewSDK9
com.handmark.pulltorefresh.library.PullToRefreshWebView
com.handmark.pulltorefresh.library.PullToRefreshWebView$1
com.handmark.pulltorefresh.library.PullToRefreshWebView$2
com.handmark.pulltorefresh.library.PullToRefreshWebView$InternalWebViewSDK9
com.handmark.pulltorefresh.library.R:
    9:9:public R()
com.handmark.pulltorefresh.library.extras.PullToRefreshWebView2
com.handmark.pulltorefresh.library.extras.PullToRefreshWebView2$JsValueCallback
com.handmark.pulltorefresh.library.extras.SoundPullEventListener
com.handmark.pulltorefresh.library.internal.EmptyViewMethodAccessor:
    public abstract void setEmptyView(android.view.View)
com.handmark.pulltorefresh.library.internal.FlipLoadingLayout:
    static final int FLIP_ANIMATION_DURATION
com.handmark.pulltorefresh.library.internal.IndicatorLayout:
    static final int DEFAULT_ROTATION_ANIMATION_DURATION
com.handmark.pulltorefresh.library.internal.LoadingLayout:
    static final java.lang.String LOG_TAG
com.handmark.pulltorefresh.library.internal.RotateLoadingLayout:
    static final int ROTATION_ANIMATION_DURATION
com.handmark.pulltorefresh.library.internal.Utils:
    static final java.lang.String LOG_TAG
    5:5:public Utils()
com.handmark.pulltorefresh.library.internal.ViewCompat:
    25:25:public ViewCompat()
    44:47:public static void setLayerType(android.view.View,int)
com.handmark.pulltorefresh.library.internal.ViewCompat$SDK11
com.handmark.pulltorefresh.library.internal.ViewCompat$SDK16:
    58:58:ViewCompat$SDK16()
com.laiwang.sdk.BuildConfig
com.laiwang.sdk.channel.IILWAPIChannel$Stub:
    private static final java.lang.String DESCRIPTOR
    static final int TRANSACTION_registerME
    static final int TRANSACTION_introduceMe
    static final int TRANSACTION_transportData
    static final int TRANSACTION_requestData
    13:16:public IILWAPIChannel$Stub()
    34:34:public android.os.IBinder asBinder()
com.laiwang.sdk.channel.IILWAPIChannel$Stub$Proxy:
    154:154:public java.lang.String getInterfaceDescriptor()
com.laiwang.sdk.channel.IILWAPIChannelProxy$ISDKConnListener:
    public abstract void onError(int)
com.laiwang.sdk.message.IILWMessage:
    public abstract void setShareType(java.lang.String)
    public abstract java.lang.String getAppkey()
    public abstract java.lang.String getSecret()
    public abstract void setMessageType(int)
    public abstract java.lang.String getMessageThumb()
    public abstract java.lang.String getMessageSource()
    public abstract void setMesssageSource(java.lang.String)
    public abstract java.lang.String getMessageActivity()
    public abstract com.laiwang.sdk.message.IILWMessage fromBundle(android.os.Bundle)
com.laiwang.sdk.message.LWMessage:
    protected java.lang.String appUrl
    125:126:public void isMessageText()
    129:130:public void isMessageImage()
    142:143:public void isMessageLink()
    206:206:public java.lang.String getMessageActivity()
    214:214:public android.graphics.Bitmap getMessageImageThumbBMP()
    223:224:public void isIMessageMusic()
    227:227:public java.lang.String getAppUrl()
    231:232:public void setAppUrl(java.lang.String)
    268:295:public com.laiwang.sdk.message.IILWMessage fromBundle(android.os.Bundle)
    300:303:public java.lang.String getMessageThumb()